*CANOPY ARCHITECTURE OUTPUT
@  DAY  DATE       LAI    HEIGHT WIDTH  DEPTH  VOLUME LIGHTINT EXTCOEF CTEMP  LTEMP  COND
    1 2025-08-19  0.200    0.0    9.6    6.4   500.0    0.000   0.700   25.5   26.5  0.300
    2 2025-08-20  0.200    0.0    9.6    6.4   500.0    0.114   0.700   22.6   23.6  0.300
    3 2025-08-21  0.200    0.1    9.6    6.4   500.0    0.114   0.700   23.2   24.2  0.300
    4 2025-08-22  0.201    0.1    9.6    6.4   500.0    0.114   0.700   24.7   25.7  0.300
    5 2025-08-23  0.201    0.1    9.6    6.4   500.0    0.115   0.700   24.7   25.7  0.300
    6 2025-08-24  0.201    0.1    9.6    6.4   500.0    0.115   0.700   23.3   24.3  0.300
    7 2025-08-25  0.201    0.2    9.6    6.4   500.0    0.116   0.700   23.4   24.4  0.300
    8 2025-08-26  0.202    0.2    9.6    6.4   500.0    0.116   0.700   25.0   26.0  0.300
    9 2025-08-27  0.202    0.2    9.6    6.4   500.0    0.116   0.700   22.6   23.6  0.300
   10 2025-08-28  0.202    0.2    9.6    6.4   500.0    0.117   0.700   22.8   23.8  0.300
   11 2025-08-29  0.202    0.3    9.6    6.4   500.0    0.117   0.700   23.8   24.8  0.300
   12 2025-08-30  0.202    0.3    9.6    6.4   500.0    0.118   0.700   23.6   24.6  0.300
   13 2025-08-31  0.203    0.3    9.6    6.4   500.0    0.118   0.700   24.6   25.6  0.300
   14 2025-09-01  0.203    0.4    9.6    6.4   500.0    0.119   0.700   25.1   26.1  0.300
   15 2025-09-02  0.203    0.4    9.6    6.4   500.0    0.119   0.700   24.9   25.9  0.300
   16 2025-09-03  0.203    0.4    9.6    6.4   500.0    0.119   0.700   23.6   24.6  0.300
   17 2025-09-04  0.204    0.4    9.6    6.4   500.0    0.120   0.700   22.4   23.4  0.300
   18 2025-09-05  0.204    0.5    9.6    6.4   500.0    0.120   0.700   23.0   24.0  0.300
   19 2025-09-06  0.204    0.5    9.6    6.4   500.0    0.121   0.700   23.9   24.9  0.300
   20 2025-09-07  0.204    0.5    9.6    6.4   500.0    0.121   0.700   22.7   23.7  0.300
   21 2025-09-08  0.204    0.6    9.6    6.4   500.0    0.122   0.700   21.5   22.5  0.300
   22 2025-09-09  0.205    0.6    9.6    6.4   500.0    0.122   0.700   23.2   24.2  0.300
   23 2025-09-10  0.205    0.6    9.6    6.4   500.0    0.122   0.700   21.1   22.1  0.300
   24 2025-09-11  0.205    0.6    9.6    6.4   500.0    0.123   0.700   24.0   25.0  0.300
   25 2025-09-12  0.205    0.7    9.6    6.4   500.0    0.123   0.700   23.0   24.0  0.300
   26 2025-09-13  0.205    0.7    9.6    6.4   500.0    0.124   0.700   21.0   22.0  0.300
   27 2025-09-14  0.205    0.7    9.6    6.4   500.0    0.124   0.700   22.0   23.0  0.300
   28 2025-09-15  0.206    0.7    9.6    6.4   500.0    0.125   0.700   21.9   22.9  0.300
   29 2025-09-16  0.206    0.8    9.6    6.4   500.0    0.125   0.700   21.8   22.8  0.300
   30 2025-09-17  0.206    0.8    9.6    6.4   500.0    0.125   0.700   23.3   24.3  0.300
   31 2025-09-18  0.206    0.8    9.6    6.4   500.0    0.126   0.700   20.5   21.5  0.300
   32 2025-09-19  0.206    0.8    9.6    6.4   500.0    0.126   0.700   20.6   21.6  0.300
   33 2025-09-20  0.206    0.8    9.6    6.4   500.0    0.126   0.700   22.5   23.5  0.300
   34 2025-09-21  0.206    0.8    9.6    6.4   500.0    0.127   0.700   20.7   21.7  0.300
   35 2025-09-22  0.205    0.8    9.6    6.4   500.0    0.127   0.700   21.8   22.8  0.300
   36 2025-09-23  0.205    0.8    9.6    6.4   500.0    0.127   0.700   21.1   22.1  0.300
   37 2025-09-24  0.205    0.8    9.6    6.4   500.0    0.128   0.700   20.6   21.6  0.300
   38 2025-09-25  0.205    0.8    9.6    6.4   500.0    0.128   0.700   21.5   22.5  0.300
   39 2025-09-26  0.205    0.8    9.6    6.4   500.0    0.128   0.700   21.1   22.1  0.300