*NITROGEN BALANCE OUTPUT
@  DAY  DATE       NUPTAK NDEMAND NSUPPLY NUEEFF LEAFNC STEMNC ROOTNC CRITC  DEFIC
    1 2025-08-19   5.000   0.000   0.000   30.0   4.50   2.50   2.80  4.00   0.0
    2 2025-08-20   5.000   0.000   0.000   30.0   4.50   2.50   2.80  4.00   0.0
    3 2025-08-21   5.000   0.000   0.000   30.0   4.50   2.50   2.80  4.00   0.0
    4 2025-08-22   5.000   0.000   0.000   30.0   4.50   2.50   2.80  4.00   0.0
    5 2025-08-23   5.000   0.000   0.000   30.0   4.50   2.50   2.80  4.00   0.0
    6 2025-08-24   5.000   0.000   0.000   30.0   4.50   2.50   2.80  4.00   0.0
    7 2025-08-25   5.000   0.000   0.000   30.0   4.50   2.50   2.80  4.00   0.0
    8 2025-08-26   5.000   0.000   0.000   30.0   4.50   2.50   2.80  4.00   0.0
    9 2025-08-27   5.000   0.000   0.000   30.0   4.50   2.50   2.80  4.00   0.0
   10 2025-08-28   5.000   0.000   0.000   30.0   4.50   2.50   2.80  4.00   0.0
   11 2025-08-29   5.000   0.000   0.000   30.0   4.50   2.50   2.80  4.00   0.0
   12 2025-08-30   5.000   0.000   0.000   30.0   4.50   2.50   2.80  4.00   0.0
   13 2025-08-31   5.000   0.000   0.000   30.0   4.50   2.50   2.80  4.00   0.0
   14 2025-09-01   5.000   0.000   0.000   30.0   4.50   2.50   2.80  4.00   0.0
   15 2025-09-02   5.000   0.000   0.000   30.0   4.50   2.50   2.80  4.00   0.0
   16 2025-09-03   5.000   0.000   0.000   30.0   4.50   2.50   2.80  4.00   0.0
   17 2025-09-04   5.000   0.000   0.000   30.0   4.50   2.50   2.80  4.00   0.0
   18 2025-09-05   5.000   0.000   0.000   30.0   4.50   2.50   2.80  4.00   0.0
   19 2025-09-06   5.000   0.000   0.000   30.0   4.50   2.50   2.80  4.00   0.0
   20 2025-09-07   5.000   0.000   0.000   30.0   4.50   2.50   2.80  4.00   0.0
   21 2025-09-08   5.000   0.000   0.000   30.0   4.50   2.50   2.80  4.00   0.0
   22 2025-09-09   5.000   0.000   0.000   30.0   4.50   2.50   2.80  4.00   0.0
   23 2025-09-10   5.000   0.000   0.000   30.0   4.50   2.50   2.80  4.00   0.0
   24 2025-09-11   5.000   0.000   0.000   30.0   4.50   2.50   2.80  4.00   0.0
   25 2025-09-12   5.000   0.000   0.000   30.0   4.50   2.50   2.80  4.00   0.0
   26 2025-09-13   5.000   0.000   0.000   30.0   4.50   2.50   2.80  4.00   0.0
   27 2025-09-14   5.000   0.000   0.000   30.0   4.50   2.50   2.80  4.00   0.0
   28 2025-09-15   5.000   0.000   0.000   30.0   4.50   2.50   2.80  4.00   0.0
   29 2025-09-16   5.000   0.000   0.000   30.0   4.50   2.50   2.80  4.00   0.0
   30 2025-09-17   5.000   0.000   0.000   30.0   4.50   2.50   2.80  4.00   0.0
   31 2025-09-18   5.000   0.000   0.000   30.0   4.50   2.50   2.80  4.00   0.0
   32 2025-09-19   5.000   0.000   0.000   30.0   4.50   2.50   2.80  4.00   0.0
   33 2025-09-20   5.000   0.000   0.000   30.0   4.50   2.50   2.80  4.00   0.0
   34 2025-09-21   5.000   0.000   0.000   30.0   4.50   2.50   2.80  4.00   0.0
   35 2025-09-22   5.000   0.000   0.000   30.0   4.50   2.50   2.80  4.00   0.0
   36 2025-09-23   5.000   0.000   0.000   30.0   4.50   2.50   2.80  4.00   0.0
   37 2025-09-24   5.000   0.000   0.000   30.0   4.50   2.50   2.80  4.00   0.0
   38 2025-09-25   5.000   0.000   0.000   30.0   4.50   2.50   2.80  4.00   0.0
   39 2025-09-26   5.000   0.000   0.000   30.0   4.50   2.50   2.80  4.00   0.0