*NUTRIENT MOBILITY OUTPUT
@  DAY  DATE       NO3    NH4    PO4    K      CA     MG     FE     MN     ZN
    1 2025-08-19  200.0   10.0   50.0  300.0  150.0   50.0   2.00   0.50   0.30
    2 2025-08-20  200.0   10.0   50.0  300.0  150.0   50.0   2.00   0.50   0.30
    3 2025-08-21  200.0   10.0   50.0  300.0  150.0   50.0   2.00   0.50   0.30
    4 2025-08-22  200.0   10.0   50.0  300.0  150.0   50.0   2.00   0.50   0.30
    5 2025-08-23  200.0   10.0   50.0  300.0  150.0   50.0   2.00   0.50   0.30
    6 2025-08-24  200.0   10.0   50.0  300.0  150.0   50.0   2.00   0.50   0.30
    7 2025-08-25  200.0   10.0   50.0  300.0  150.0   50.0   2.00   0.50   0.30
    8 2025-08-26  200.0   10.0   50.0  300.0  150.0   50.0   2.00   0.50   0.30
    9 2025-08-27  200.0   10.0   50.0  300.0  150.0   50.0   2.00   0.50   0.30
   10 2025-08-28  200.0   10.0   50.0  300.0  150.0   50.0   2.00   0.50   0.30
   11 2025-08-29  200.0   10.0   50.0  300.0  150.0   50.0   2.00   0.50   0.30
   12 2025-08-30  200.0   10.0   50.0  300.0  150.0   50.0   2.00   0.50   0.30
   13 2025-08-31  200.0   10.0   50.0  300.0  150.0   50.0   2.00   0.50   0.30
   14 2025-09-01  200.0   10.0   50.0  300.0  150.0   50.0   2.00   0.50   0.30
   15 2025-09-02  200.0   10.0   50.0  300.0  150.0   50.0   2.00   0.50   0.30
   16 2025-09-03  200.0   10.0   50.0  300.0  150.0   50.0   2.00   0.50   0.30
   17 2025-09-04  200.0   10.0   50.0  300.0  150.0   50.0   2.00   0.50   0.30
   18 2025-09-05  200.0   10.0   50.0  300.0  150.0   50.0   2.00   0.50   0.30
   19 2025-09-06  200.0   10.0   50.0  300.0  150.0   50.0   2.00   0.50   0.30
   20 2025-09-07  200.0   10.0   50.0  300.0  150.0   50.0   2.00   0.50   0.30
   21 2025-09-08  200.0   10.0   50.0  300.0  150.0   50.0   2.00   0.50   0.30
   22 2025-09-09  200.0   10.0   50.0  300.0  150.0   50.0   2.00   0.50   0.30
   23 2025-09-10  200.0   10.0   50.0  300.0  150.0   50.0   2.00   0.50   0.30
   24 2025-09-11  200.0   10.0   50.0  300.0  150.0   50.0   2.00   0.50   0.30
   25 2025-09-12  200.0   10.0   50.0  300.0  150.0   50.0   2.00   0.50   0.30
   26 2025-09-13  200.0   10.0   50.0  300.0  150.0   50.0   2.00   0.50   0.30
   27 2025-09-14  200.0   10.0   50.0  300.0  150.0   50.0   2.00   0.50   0.30
   28 2025-09-15  200.0   10.0   50.0  300.0  150.0   50.0   2.00   0.50   0.30
   29 2025-09-16  200.0   10.0   50.0  300.0  150.0   50.0   2.00   0.50   0.30
   30 2025-09-17  200.0   10.0   50.0  300.0  150.0   50.0   2.00   0.50   0.30
   31 2025-09-18  200.0   10.0   50.0  300.0  150.0   50.0   2.00   0.50   0.30
   32 2025-09-19  200.0   10.0   50.0  300.0  150.0   50.0   2.00   0.50   0.30
   33 2025-09-20  200.0   10.0   50.0  300.0  150.0   50.0   2.00   0.50   0.30
   34 2025-09-21  200.0   10.0   50.0  300.0  150.0   50.0   2.00   0.50   0.30
   35 2025-09-22  200.0   10.0   50.0  300.0  150.0   50.0   2.00   0.50   0.30
   36 2025-09-23  200.0   10.0   50.0  300.0  150.0   50.0   2.00   0.50   0.30
   37 2025-09-24  200.0   10.0   50.0  300.0  150.0   50.0   2.00   0.50   0.30
   38 2025-09-25  200.0   10.0   50.0  300.0  150.0   50.0   2.00   0.50   0.30
   39 2025-09-26  200.0   10.0   50.0  300.0  150.0   50.0   2.00   0.50   0.30