*PHENOLOGY DEVELOPMENT OUTPUT
@  DAY  DATE       STAGE  STGNAM             GDD   DGDD  BTEMP OTEMP CTEMP  DVIND ISVEGET ISREPRO
    1 2025-08-20 GE     GE                  29.6 19.8   5.0  21.0  35.0 29.634 N       N      
    2 2025-08-21 VE     Emergence           58.1 19.0   5.0  21.0  35.0 28.505 Y       N      
    3 2025-08-22 VE     Emergence           87.9 19.8   5.0  21.0  35.0 29.724 Y       N      
    4 2025-08-23 V1     First Leaf         116.7 19.2   5.0  21.0  35.0 28.853 Y       N      
    5 2025-08-24 V1     First Leaf         146.4 19.8   5.0  21.0  35.0 29.668 Y       N      
    6 2025-08-25 V2     Second Leaf        175.8 19.6   5.0  21.0  35.0 29.377 Y       N      
    7 2025-08-26 V2     Second Leaf        205.0 19.5   5.0  21.0  35.0 29.262 Y       N      
    8 2025-08-27 V3     Third Leaf         233.7 19.1   5.0  21.0  35.0 28.653 Y       N      
    9 2025-08-28 V3     Third Leaf         262.8 19.4   5.0  21.0  35.0 29.155 Y       N      
   10 2025-08-29 V4     Fourth Leaf        291.6 19.2   5.0  21.0  35.0 28.728 Y       N      
   11 2025-08-30 V4     Fourth Leaf        321.4 19.9   5.0  21.0  35.0 29.815 Y       N      
   12 2025-08-31 V5     Fifth Leaf         348.4 18.0   5.0  21.0  35.0 27.006 Y       N      
   13 2025-09-01 V5     Fifth Leaf         378.2 19.9   5.0  21.0  35.0 29.825 Y       N      
   14 2025-09-02 V6     Sixth Leaf         407.7 19.7   5.0  21.0  35.0 29.511 Y       N      
   15 2025-09-03 V6     Sixth Leaf         437.0 19.6   5.0  21.0  35.0 29.327 Y       N      
   16 2025-09-04 V7     Seventh Leaf       465.4 18.9   5.0  21.0  35.0 28.406 Y       N      
   17 2025-09-05 V7     Seventh Leaf       494.9 19.6   5.0  21.0  35.0 29.421 Y       N      
   18 2025-09-06 V8     Eighth Leaf        523.4 19.0   5.0  21.0  35.0 28.524 Y       N      
   19 2025-09-07 V8     Eighth Leaf        551.2 18.5   5.0  21.0  35.0 27.797 Y       N      
   20 2025-09-08 V8     Eighth Leaf        578.7 18.3   5.0  21.0  35.0 27.480 Y       N      
   21 2025-09-09 V9     Ninth Leaf         606.5 18.6   5.0  21.0  35.0 27.829 Y       N      
   22 2025-09-10 V9     Ninth Leaf         634.2 18.5   5.0  21.0  35.0 27.713 Y       N      
   23 2025-09-11 V9     Ninth Leaf         662.0 18.5   5.0  21.0  35.0 27.764 Y       N      
   24 2025-09-12 V10    Tenth Leaf         687.9 17.3   5.0  21.0  35.0 25.879 Y       N      
   25 2025-09-13 V10    Tenth Leaf         715.3 18.3   5.0  21.0  35.0 27.441 Y       N      
   26 2025-09-14 V10    Tenth Leaf         742.1 17.9   5.0  21.0  35.0 26.776 Y       N      
   27 2025-09-15 V11+   V11+               770.2 18.8   5.0  21.0  35.0 28.128 Y       N      
   28 2025-09-16 V11+   V11+               797.4 18.1   5.0  21.0  35.0 27.214 Y       N      
   29 2025-09-17 V11+   V11+               822.2 16.5   5.0  21.0  35.0 24.766 Y       N      
   30 2025-09-18 HI     Head Initiation    849.8 18.4   5.0  21.0  35.0 27.656 N       N      
   31 2025-09-19 HI     Head Initiation    878.2 18.9   5.0  21.0  35.0 28.394 N       N      
   32 2025-09-20 HI     Head Initiation    905.7 18.3   5.0  21.0  35.0 27.491 N       N      
   33 2025-09-21 HI     Head Initiation    932.4 17.8   5.0  21.0  35.0 26.695 N       N      
   34 2025-09-22 HI     Head Initiation    956.2 15.9   5.0  21.0  35.0 23.775 N       N      
   35 2025-09-23 HD     Head Development   983.7 18.3   5.0  21.0  35.0 27.513 N       N      
   36 2025-09-24 HD     Head Development   1008.4 16.5   5.0  21.0  35.0 24.726 N       N      
   37 2025-09-25 HD     Head Development   1033.5 16.7   5.0  21.0  35.0 25.032 N       N      
   38 2025-09-26 HD     Head Development   1059.8 17.6   5.0  21.0  35.0 26.347 N       N      
   39 2025-09-27 HM     Harvest Maturity   1087.3 18.3   5.0  21.0  35.0 27.502 N       N      