*PHOTOSYNTHESIS AND CARBON OUTPUT
@  DAY  DATE       PGROSS PNET   CANPHO LITINT PPFD_A SUNLAI SHDLAI NETASL
    1 2025-08-20  0.034  0.030  0.000  0.000    0.0  0.000  0.200  0.026
    2 2025-08-21  0.031  0.026  7.837  0.114  156.7  0.181  0.020  0.022
    3 2025-08-22  0.033  0.028  9.536  0.115  190.7  0.182  0.020  0.024
    4 2025-08-23  0.035  0.030  8.284  0.115  165.7  0.182  0.020  0.024
    5 2025-08-24  0.034  0.029  8.481  0.116  169.6  0.183  0.020  0.023
    6 2025-08-25  0.033  0.027  7.291  0.117  145.8  0.184  0.020  0.022
    7 2025-08-26  0.033  0.027  7.703  0.118  154.1  0.185  0.020  0.021
    8 2025-08-27  0.032  0.026  7.505  0.118  150.1  0.185  0.020  0.020
    9 2025-08-28  0.033  0.027  8.287  0.119  165.7  0.186  0.021  0.020
   10 2025-08-29  0.032  0.026  6.772  0.120  135.4  0.187  0.021  0.019
   11 2025-08-30  0.035  0.028  7.455  0.120  149.1  0.188  0.021  0.021
   12 2025-08-31  0.029  0.022  8.007  0.121  160.1  0.188  0.021  0.016
   13 2025-09-01  0.035  0.027  7.698  0.122  154.0  0.189  0.021  0.020
   14 2025-09-02  0.034  0.027  8.784  0.123  175.7  0.190  0.021  0.019
   15 2025-09-03  0.036  0.028  7.025  0.124  140.5  0.191  0.021  0.019
   16 2025-09-04  0.032  0.024  7.070  0.124  141.4  0.191  0.021  0.016
   17 2025-09-05  0.036  0.027  8.359  0.125  167.2  0.192  0.021  0.018
   18 2025-09-06  0.033  0.024  8.229  0.126  164.6  0.193  0.022  0.016
   19 2025-09-07  0.032  0.023  7.511  0.127  150.2  0.194  0.022  0.014
   20 2025-09-08  0.031  0.022  7.894  0.127  157.9  0.194  0.022  0.013
   21 2025-09-09  0.032  0.023  6.691  0.128  133.8  0.195  0.022  0.013
   22 2025-09-10  0.032  0.022  8.295  0.129  165.9  0.196  0.022  0.013
   23 2025-09-11  0.032  0.022  7.820  0.130  156.4  0.196  0.022  0.012
   24 2025-09-12  0.028  0.019  7.306  0.131  146.1  0.197  0.022  0.009
   25 2025-09-13  0.032  0.021  8.065  0.132  161.3  0.198  0.022  0.011
   26 2025-09-14  0.030  0.021  6.961  0.132  139.2  0.198  0.022  0.011
   27 2025-09-15  0.033  0.023  8.275  0.133  165.5  0.199  0.022  0.012
   28 2025-09-16  0.031  0.021  7.131  0.134  142.6  0.199  0.022  0.011
   29 2025-09-17  0.027  0.017  7.246  0.134  144.9  0.200  0.023  0.008
   30 2025-09-18  0.032  0.022  7.680  0.135  153.6  0.200  0.023  0.012
   31 2025-09-19  0.034  0.023  7.295  0.135  145.9  0.201  0.023  0.012
   32 2025-09-20  0.032  0.022  6.650  0.136  133.0  0.201  0.023  0.011
   33 2025-09-21  0.031  0.020  7.130  0.137  142.6  0.201  0.023  0.010
   34 2025-09-22  0.025  0.016  6.520  0.137  130.4  0.202  0.023  0.006
   35 2025-09-23  0.032  0.021  7.098  0.138  142.0  0.202  0.023  0.010
   36 2025-09-24  0.027  0.018  7.411  0.138  148.2  0.202  0.023  0.008
   37 2025-09-25  0.028  0.018  6.814  0.139  136.3  0.202  0.023  0.008
   38 2025-09-26  0.030  0.020  7.863  0.139  157.3  0.202  0.023  0.009
   39 2025-09-27  0.032  0.021  6.751  0.140  135.0  0.202  0.023  0.010