*RESPIRATION ANALYSIS OUTPUT
@  DAY  DATE       GRESP  MRESP  TRESP  DRESP  PRESP  NETAS  CARBAL RSPEFF
    1 2025-08-19  0.003  0.000  0.003  0.000  0.000 -0.003  0.000 0.0500
    2 2025-08-20  0.004  0.000  0.005  0.000  0.000  0.161  0.000 0.0500
    3 2025-08-21  0.004  0.001  0.005  0.000  0.000  0.161  0.000 0.0500
    4 2025-08-22  0.004  0.001  0.005  0.000  0.000  0.153  0.000 0.0500
    5 2025-08-23  0.004  0.001  0.005  0.000  0.000  0.152  0.000 0.0500
    6 2025-08-24  0.004  0.001  0.006  0.000  0.000  0.162  0.000 0.0500
    7 2025-08-25  0.004  0.002  0.006  0.000  0.000  0.163  0.000 0.0500
    8 2025-08-26  0.004  0.002  0.006  0.000  0.000  0.150  0.000 0.0500
    9 2025-08-27  0.004  0.002  0.006  0.000  0.000  0.163  0.000 0.0500
   10 2025-08-28  0.004  0.002  0.007  0.000  0.000  0.164  0.000 0.0500
   11 2025-08-29  0.004  0.003  0.007  0.000  0.000  0.164  0.000 0.0500
   12 2025-08-30  0.004  0.003  0.007  0.000  0.000  0.164  0.000 0.0500
   13 2025-08-31  0.004  0.004  0.008  0.000  0.000  0.157  0.000 0.0500
   14 2025-09-01  0.004  0.004  0.008  0.000  0.000  0.151  0.000 0.0500
   15 2025-09-02  0.004  0.004  0.009  0.000  0.000  0.154  0.000 0.0500
   16 2025-09-03  0.004  0.004  0.008  0.000  0.000  0.166  0.000 0.0500
   17 2025-09-04  0.004  0.004  0.008  0.000  0.000  0.166  0.000 0.0500
   18 2025-09-05  0.004  0.005  0.009  0.000  0.000  0.167  0.000 0.0500
   19 2025-09-06  0.004  0.005  0.009  0.000  0.000  0.167  0.000 0.0500
   20 2025-09-07  0.004  0.005  0.009  0.000  0.000  0.167  0.000 0.0500
   21 2025-09-08  0.004  0.005  0.009  0.000  0.000  0.168  0.000 0.0500
   22 2025-09-09  0.004  0.006  0.010  0.000  0.000  0.168  0.000 0.0500
   23 2025-09-10  0.004  0.005  0.009  0.000  0.000  0.169  0.000 0.0500
   24 2025-09-11  0.004  0.007  0.011  0.000  0.000  0.167  0.000 0.0500
   25 2025-09-12  0.004  0.007  0.011  0.000  0.000  0.169  0.000 0.0500
   26 2025-09-13  0.004  0.006  0.010  0.000  0.000  0.170  0.000 0.0500
   27 2025-09-14  0.004  0.007  0.011  0.000  0.000  0.170  0.000 0.0500
   28 2025-09-15  0.004  0.007  0.011  0.000  0.000  0.170  0.000 0.0500
   29 2025-09-16  0.004  0.008  0.012  0.000  0.000  0.171  0.000 0.0500
   30 2025-09-17  0.003  0.009  0.011  0.000  0.000  0.172  0.000 0.0500
   31 2025-09-18  0.003  0.007  0.010  0.000  0.000  0.174  0.000 0.0500
   32 2025-09-19  0.003  0.008  0.010  0.000  0.000  0.174  0.000 0.0500
   33 2025-09-20  0.003  0.009  0.012  0.000  0.000  0.173  0.000 0.0500
   34 2025-09-21  0.003  0.008  0.011  0.000  0.000  0.174  0.000 0.0500
   35 2025-09-22  0.003  0.009  0.012  0.000  0.000  0.174  0.000 0.0500
   36 2025-09-23  0.003  0.009  0.011  0.000  0.000  0.174  0.000 0.0500
   37 2025-09-24  0.003  0.009  0.011  0.000  0.000  0.175  0.000 0.0500
   38 2025-09-25  0.003  0.010  0.012  0.000  0.000  0.174  0.000 0.0500
   39 2025-09-26  0.003  0.010  0.012  0.000  0.000  0.175  0.000 0.0500