*ROOT ARCHITECTURE OUTPUT
@  DAY  DATE       RLEN   RSURF  RVOL   RDENS  RACT   RHYCON RABSR  ROXUP  RRESP  RGROW
    1 2025-08-20    0.4    0.1    0.2   0.00   0.08   0.91  0.07   0.0   0.0   0.4
    2 2025-08-21    0.9    0.1    0.3   0.00   0.09   0.96  0.09   0.0   0.0   0.5
    3 2025-08-22    1.3    0.2    0.5   0.00   0.09   0.92  0.09   0.1   0.0   0.5
    4 2025-08-23    1.8    0.3    0.7   0.00   0.09   0.86  0.08   0.1   0.0   0.5
    5 2025-08-24    2.3    0.4    0.9   0.00   0.09   0.88  0.08   0.1   0.0   0.5
    6 2025-08-25    2.8    0.4    1.1   0.01   0.09   0.90  0.09   0.1   0.0   0.5
    7 2025-08-26    3.2    0.5    1.3   0.01   0.09   0.90  0.09   0.2   0.0   0.5
    8 2025-08-27    3.7    0.6    1.5   0.01   0.09   0.91  0.09   0.2   0.0   0.5
    9 2025-08-28    4.2    0.7    1.7   0.01   0.09   0.89  0.08   0.2   0.0   0.5
   10 2025-08-29    4.7    0.7    1.9   0.01   0.09   0.89  0.08   0.2   0.0   0.5
   11 2025-08-30    5.1    0.8    2.1   0.01   0.09   0.84  0.08   0.3   0.0   0.5
   12 2025-08-31    5.6    0.9    2.2   0.01   0.09   0.88  0.08   0.3   0.0   0.5
   13 2025-09-01    6.1    1.0    2.4   0.01   0.09   0.84  0.08   0.3   0.0   0.5
   14 2025-09-02    6.6    1.0    2.6   0.01   0.08   0.84  0.08   0.3   0.0   0.5
   15 2025-09-03    7.0    1.1    2.8   0.01   0.08   0.79  0.07   0.4   0.0   0.5
   16 2025-09-04    7.5    1.2    3.0   0.02   0.08   0.85  0.08   0.4   0.0   0.5
   17 2025-09-05    8.0    1.3    3.2   0.02   0.08   0.77  0.07   0.4   0.0   0.5
   18 2025-09-06    8.5    1.3    3.4   0.02   0.08   0.84  0.08   0.4   0.0   0.5
   19 2025-09-07    9.0    1.4    3.6   0.02   0.08   0.83  0.08   0.4   0.0   0.5
   20 2025-09-08    9.4    1.5    3.8   0.02   0.08   0.82  0.08   0.5   0.0   0.5
   21 2025-09-09    9.9    1.6    4.0   0.02   0.08   0.81  0.08   0.5   0.0   0.5
   22 2025-09-10   10.4    1.6    4.2   0.02   0.08   0.81  0.08   0.5   0.0   0.5
   23 2025-09-11   10.9    1.7    4.3   0.02   0.08   0.80  0.08   0.5   0.0   0.5
   24 2025-09-12   11.3    1.8    4.5   0.02   0.08   0.79  0.08   0.6   0.0   0.5
   25 2025-09-13   11.8    1.9    4.7   0.02   0.08   0.78  0.07   0.6   0.0   0.5
   26 2025-09-14   12.2    1.9    4.9   0.02   0.06   0.78  0.06   0.6   0.0   0.4
   27 2025-09-15   12.6    2.0    5.0   0.03   0.06   0.77  0.06   0.6   0.0   0.4
   28 2025-09-16   12.9    2.0    5.2   0.03   0.06   0.76  0.06   0.6   0.0   0.4
   29 2025-09-17   13.3    2.1    5.3   0.03   0.06   0.75  0.06   0.7   0.0   0.4
   30 2025-09-18   13.6    2.1    5.4   0.03   0.04   0.74  0.04   0.7   0.0   0.3
   31 2025-09-19   13.9    2.2    5.6   0.03   0.04   0.74  0.04   0.7   0.0   0.3
   32 2025-09-20   14.2    2.2    5.7   0.03   0.04   0.71  0.04   0.7   0.0   0.3
   33 2025-09-21   14.5    2.3    5.8   0.03   0.04   0.72  0.04   0.7   0.0   0.3
   34 2025-09-22   14.7    2.3    5.9   0.03   0.04   0.71  0.04   0.7   0.0   0.3
   35 2025-09-23   15.0    2.4    6.0   0.03   0.04   0.70  0.04   0.8   0.0   0.3
   36 2025-09-24   15.2    2.4    6.1   0.03   0.03   0.70  0.03   0.8   0.0   0.2
   37 2025-09-25   15.4    2.4    6.2   0.03   0.03   0.69  0.03   0.8   0.0   0.2
   38 2025-09-26   15.6    2.4    6.2   0.03   0.03   0.69  0.03   0.8   0.0   0.2
   39 2025-09-27   15.8    2.5    6.3   0.03   0.03   0.65  0.02   0.8   0.0   0.2