*SENESCENCE MODEL OUTPUT
@  DAY  DATE       GLAI   DLAI   TOTLAI LEAFNO GLNO   DLNO   SENESF LEAFAGE
    1 2025-08-19  0.190  0.010   0.200      0      7      1  1.000     1.0
    2 2025-08-20  0.190  0.010   0.200      0      7      1  1.000     2.0
    3 2025-08-21  0.190  0.010   0.200      0      7      1  1.000     3.0
    4 2025-08-22  0.191  0.010   0.201      0      7      1  1.000     4.0
    5 2025-08-23  0.191  0.010   0.201      0      7      1  1.000     5.0
    6 2025-08-24  0.191  0.010   0.201      0      7      1  1.000     6.0
    7 2025-08-25  0.191  0.010   0.201      0      7      1  1.000     7.0
    8 2025-08-26  0.191  0.010   0.202      0      7      1  1.000     8.0
    9 2025-08-27  0.192  0.010   0.202      0      7      1  1.000     9.0
   10 2025-08-28  0.192  0.010   0.202      0      7      1  1.000    10.0
   11 2025-08-29  0.192  0.010   0.202      0      7      1  1.000    11.0
   12 2025-08-30  0.192  0.010   0.202      0      7      1  1.000    12.0
   13 2025-08-31  0.192  0.010   0.203      0      7      1  1.000    13.0
   14 2025-09-01  0.193  0.010   0.203      0      7      1  1.000    14.0
   15 2025-09-02  0.193  0.010   0.203      0      7      1  1.000    15.0
   16 2025-09-03  0.193  0.010   0.203      0      7      1  1.000    16.0
   17 2025-09-04  0.193  0.010   0.204      0      7      1  1.000    17.0
   18 2025-09-05  0.194  0.010   0.204      0      7      1  1.000    18.0
   19 2025-09-06  0.194  0.010   0.204      0      7      1  1.000    19.0
   20 2025-09-07  0.194  0.010   0.204      0      7      1  1.000    20.0
   21 2025-09-08  0.194  0.010   0.204      0      7      1  1.000    21.0
   22 2025-09-09  0.194  0.010   0.205      0      7      1  1.000    22.0
   23 2025-09-10  0.194  0.010   0.205      0      7      1  1.000    23.0
   24 2025-09-11  0.195  0.010   0.205      0      7      1  1.000    24.0
   25 2025-09-12  0.195  0.010   0.205      0      7      1  1.000    25.0
   26 2025-09-13  0.195  0.010   0.205      0      7      1  1.000    26.0
   27 2025-09-14  0.195  0.010   0.205      0      7      1  1.000    27.0
   28 2025-09-15  0.195  0.010   0.206      0      7      1  1.000    28.0
   29 2025-09-16  0.195  0.010   0.206      0      7      1  1.000    29.0
   30 2025-09-17  0.195  0.010   0.206      0      7      1  1.000    30.0
   31 2025-09-18  0.195  0.010   0.206      0      7      1  1.000    31.0
   32 2025-09-19  0.195  0.010   0.206      0      7      1  1.000    32.0
   33 2025-09-20  0.195  0.010   0.206      0      7      1  1.000    33.0
   34 2025-09-21  0.195  0.010   0.206      0      7      1  1.000    34.0
   35 2025-09-22  0.195  0.010   0.205      0      7      1  1.000    35.0
   36 2025-09-23  0.195  0.010   0.205      0      7      1  1.000    36.0
   37 2025-09-24  0.195  0.010   0.205      0      7      1  1.000    37.0
   38 2025-09-25  0.195  0.010   0.205      0      7      1  1.000    38.0
   39 2025-09-26  0.195  0.010   0.205      0      7      1  1.000    39.0